Terminals unused in grammar

   TIDENTIFIER
   TINTEGER
   TDOUBLE
   TCEQ
   TCNE
   TCLT
   TCLE
   TCGT
   TCGE
   TNEG
   TBAND
   TBOR
   TBXOR
   TAND
   TOR
   TLCHAN
   TRCHAN
   TCOMMA
   TDOT
   TPLUS
   TMINUS
   TMUL
   TDIV
   TKFOR
   TDINT
   TDFLOAT
   TDBOOL
   TDSTRING
   MultiCommentBegin
   MultiCommentEnd


State 8 conflicts: 1 reduce/reduce


Grammar

    0 $accept: program $end

    1 program: PackageDefinition Stage2

    2 Stage2: Imports Stage3
    3       | %empty

    4 Stage3: Declaration Stage4
    5       | %empty

    6 Stage4: MainFunc
    7       | %empty

    8 PackageDefinition: TKPACKAGE TKMAIN TTERM
    9                  | TKPACKAGE Identifier TTERM

   10 Imports: SingleImports TKIMPORT String TTERM

   11 SingleImports: SingleImports TKIMPORT String TTERM
   12              | %empty

   13 Declaration: Declaration VariableDecla
   14            | %empty

   15 VariableDecla: TKVAR Identifier TEQUAL Literal TTERM
   16              | Identifier TSEQUAL Literal TTERM

   17 Literal: BoolTrue
   18        | BoolFalse
   19        | String
   20        | Float
   21        | Int

   22 MainFunc: TKFUNC TKMAIN TLPAREN TRPAREN CompoundBloc

   23 CompoundBloc: TLBRACE TTERM StatementList TRBRACE TTERM

   24 StatementList: Declaration Statementdash

   25 Statementdash: If Statementdash
   26              | %empty

   27 If: TKIF TLPAREN TRPAREN CompoundBloc Else

   28 Else: TKELSE TKIF TLPAREN TRPAREN CompoundBloc Else
   29     | TKELSE CompoundBloc
   30     | %empty


Terminals, with rules where they appear

$end (0) 0
error (256)
TIDENTIFIER (258)
TINTEGER (259)
TDOUBLE (260)
TCEQ (261)
TCNE (262)
TCLT (263)
TCLE (264)
TCGT (265)
TCGE (266)
TEQUAL (267) 15
TNEG (268)
TBAND (269)
TBOR (270)
TBXOR (271)
TAND (272)
TOR (273)
TLCHAN (274)
TRCHAN (275)
TSEQUAL (276) 16
TLPAREN (277) 22 27 28
TRPAREN (278) 22 27 28
TLBRACE (279) 23
TRBRACE (280) 23
TCOMMA (281)
TDOT (282)
TPLUS (283)
TMINUS (284)
TMUL (285)
TDIV (286)
TKFOR (287)
TKIF (288) 27 28
TKFUNC (289) 22
TKIMPORT (290) 10 11
TKMAIN (291) 8 22
TKPACKAGE (292) 8 9
TKVAR (293) 15
TKELSE (294) 28 29
TDINT (295)
TDFLOAT (296)
TDBOOL (297)
TDSTRING (298)
BoolTrue (299) 17
BoolFalse (300) 18
String (301) 10 11 19
Float (302) 20
Int (303) 21
MultiCommentBegin (304)
MultiCommentEnd (305)
Identifier (306) 9 15 16
TTERM (307) 8 9 10 11 15 16 23


Nonterminals, with rules where they appear

$accept (53)
    on left: 0
program (54)
    on left: 1, on right: 0
Stage2 (55)
    on left: 2 3, on right: 1
Stage3 (56)
    on left: 4 5, on right: 2
Stage4 (57)
    on left: 6 7, on right: 4
PackageDefinition (58)
    on left: 8 9, on right: 1
Imports (59)
    on left: 10, on right: 2
SingleImports (60)
    on left: 11 12, on right: 10 11
Declaration (61)
    on left: 13 14, on right: 4 13 24
VariableDecla (62)
    on left: 15 16, on right: 13
Literal (63)
    on left: 17 18 19 20 21, on right: 15 16
MainFunc (64)
    on left: 22, on right: 6
CompoundBloc (65)
    on left: 23, on right: 22 27 28 29
StatementList (66)
    on left: 24, on right: 23
Statementdash (67)
    on left: 25 26, on right: 24 25
If (68)
    on left: 27, on right: 25
Else (69)
    on left: 28 29 30, on right: 27 28


State 0

    0 $accept: . program $end
    1 program: . PackageDefinition Stage2
    8 PackageDefinition: . TKPACKAGE TKMAIN TTERM
    9                  | . TKPACKAGE Identifier TTERM

    TKPACKAGE  shift, and go to state 1

    program            go to state 2
    PackageDefinition  go to state 3


State 1

    8 PackageDefinition: TKPACKAGE . TKMAIN TTERM
    9                  | TKPACKAGE . Identifier TTERM

    TKMAIN      shift, and go to state 4
    Identifier  shift, and go to state 5


State 2

    0 $accept: program . $end

    $end  shift, and go to state 6


State 3

    1 program: PackageDefinition . Stage2
    2 Stage2: . Imports Stage3
    3       | . %empty  [$end]
   10 Imports: . SingleImports TKIMPORT String TTERM
   11 SingleImports: . SingleImports TKIMPORT String TTERM
   12              | . %empty  [TKIMPORT]

    TKIMPORT  reduce using rule 12 (SingleImports)
    $default  reduce using rule 3 (Stage2)

    Stage2         go to state 7
    Imports        go to state 8
    SingleImports  go to state 9


State 4

    8 PackageDefinition: TKPACKAGE TKMAIN . TTERM

    TTERM  shift, and go to state 10


State 5

    9 PackageDefinition: TKPACKAGE Identifier . TTERM

    TTERM  shift, and go to state 11


State 6

    0 $accept: program $end .

    $default  accept


State 7

    1 program: PackageDefinition Stage2 .

    $default  reduce using rule 1 (program)


State 8

    2 Stage2: Imports . Stage3
    4 Stage3: . Declaration Stage4
    5       | . %empty  [$end]
   13 Declaration: . Declaration VariableDecla
   14            | . %empty  [$end, TKFUNC, TKVAR, Identifier]

    $end      reduce using rule 5 (Stage3)
    $end      [reduce using rule 14 (Declaration)]
    $default  reduce using rule 14 (Declaration)

    Stage3       go to state 12
    Declaration  go to state 13


State 9

   10 Imports: SingleImports . TKIMPORT String TTERM
   11 SingleImports: SingleImports . TKIMPORT String TTERM

    TKIMPORT  shift, and go to state 14


State 10

    8 PackageDefinition: TKPACKAGE TKMAIN TTERM .

    $default  reduce using rule 8 (PackageDefinition)


State 11

    9 PackageDefinition: TKPACKAGE Identifier TTERM .

    $default  reduce using rule 9 (PackageDefinition)


State 12

    2 Stage2: Imports Stage3 .

    $default  reduce using rule 2 (Stage2)


State 13

    4 Stage3: Declaration . Stage4
    6 Stage4: . MainFunc
    7       | . %empty  [$end]
   13 Declaration: Declaration . VariableDecla
   15 VariableDecla: . TKVAR Identifier TEQUAL Literal TTERM
   16              | . Identifier TSEQUAL Literal TTERM
   22 MainFunc: . TKFUNC TKMAIN TLPAREN TRPAREN CompoundBloc

    TKFUNC      shift, and go to state 15
    TKVAR       shift, and go to state 16
    Identifier  shift, and go to state 17

    $default  reduce using rule 7 (Stage4)

    Stage4         go to state 18
    VariableDecla  go to state 19
    MainFunc       go to state 20


State 14

   10 Imports: SingleImports TKIMPORT . String TTERM
   11 SingleImports: SingleImports TKIMPORT . String TTERM

    String  shift, and go to state 21


State 15

   22 MainFunc: TKFUNC . TKMAIN TLPAREN TRPAREN CompoundBloc

    TKMAIN  shift, and go to state 22


State 16

   15 VariableDecla: TKVAR . Identifier TEQUAL Literal TTERM

    Identifier  shift, and go to state 23


State 17

   16 VariableDecla: Identifier . TSEQUAL Literal TTERM

    TSEQUAL  shift, and go to state 24


State 18

    4 Stage3: Declaration Stage4 .

    $default  reduce using rule 4 (Stage3)


State 19

   13 Declaration: Declaration VariableDecla .

    $default  reduce using rule 13 (Declaration)


State 20

    6 Stage4: MainFunc .

    $default  reduce using rule 6 (Stage4)


State 21

   10 Imports: SingleImports TKIMPORT String . TTERM
   11 SingleImports: SingleImports TKIMPORT String . TTERM

    TTERM  shift, and go to state 25


State 22

   22 MainFunc: TKFUNC TKMAIN . TLPAREN TRPAREN CompoundBloc

    TLPAREN  shift, and go to state 26


State 23

   15 VariableDecla: TKVAR Identifier . TEQUAL Literal TTERM

    TEQUAL  shift, and go to state 27


State 24

   16 VariableDecla: Identifier TSEQUAL . Literal TTERM
   17 Literal: . BoolTrue
   18        | . BoolFalse
   19        | . String
   20        | . Float
   21        | . Int

    BoolTrue   shift, and go to state 28
    BoolFalse  shift, and go to state 29
    String     shift, and go to state 30
    Float      shift, and go to state 31
    Int        shift, and go to state 32

    Literal  go to state 33


State 25

   10 Imports: SingleImports TKIMPORT String TTERM .  [$end, TKFUNC, TKVAR, Identifier]
   11 SingleImports: SingleImports TKIMPORT String TTERM .  [TKIMPORT]

    TKIMPORT  reduce using rule 11 (SingleImports)
    $default  reduce using rule 10 (Imports)


State 26

   22 MainFunc: TKFUNC TKMAIN TLPAREN . TRPAREN CompoundBloc

    TRPAREN  shift, and go to state 34


State 27

   15 VariableDecla: TKVAR Identifier TEQUAL . Literal TTERM
   17 Literal: . BoolTrue
   18        | . BoolFalse
   19        | . String
   20        | . Float
   21        | . Int

    BoolTrue   shift, and go to state 28
    BoolFalse  shift, and go to state 29
    String     shift, and go to state 30
    Float      shift, and go to state 31
    Int        shift, and go to state 32

    Literal  go to state 35


State 28

   17 Literal: BoolTrue .

    $default  reduce using rule 17 (Literal)


State 29

   18 Literal: BoolFalse .

    $default  reduce using rule 18 (Literal)


State 30

   19 Literal: String .

    $default  reduce using rule 19 (Literal)


State 31

   20 Literal: Float .

    $default  reduce using rule 20 (Literal)


State 32

   21 Literal: Int .

    $default  reduce using rule 21 (Literal)


State 33

   16 VariableDecla: Identifier TSEQUAL Literal . TTERM

    TTERM  shift, and go to state 36


State 34

   22 MainFunc: TKFUNC TKMAIN TLPAREN TRPAREN . CompoundBloc
   23 CompoundBloc: . TLBRACE TTERM StatementList TRBRACE TTERM

    TLBRACE  shift, and go to state 37

    CompoundBloc  go to state 38


State 35

   15 VariableDecla: TKVAR Identifier TEQUAL Literal . TTERM

    TTERM  shift, and go to state 39


State 36

   16 VariableDecla: Identifier TSEQUAL Literal TTERM .

    $default  reduce using rule 16 (VariableDecla)


State 37

   23 CompoundBloc: TLBRACE . TTERM StatementList TRBRACE TTERM

    TTERM  shift, and go to state 40


State 38

   22 MainFunc: TKFUNC TKMAIN TLPAREN TRPAREN CompoundBloc .

    $default  reduce using rule 22 (MainFunc)


State 39

   15 VariableDecla: TKVAR Identifier TEQUAL Literal TTERM .

    $default  reduce using rule 15 (VariableDecla)


State 40

   13 Declaration: . Declaration VariableDecla
   14            | . %empty
   23 CompoundBloc: TLBRACE TTERM . StatementList TRBRACE TTERM
   24 StatementList: . Declaration Statementdash

    $default  reduce using rule 14 (Declaration)

    Declaration    go to state 41
    StatementList  go to state 42


State 41

   13 Declaration: Declaration . VariableDecla
   15 VariableDecla: . TKVAR Identifier TEQUAL Literal TTERM
   16              | . Identifier TSEQUAL Literal TTERM
   24 StatementList: Declaration . Statementdash
   25 Statementdash: . If Statementdash
   26              | . %empty  [TRBRACE]
   27 If: . TKIF TLPAREN TRPAREN CompoundBloc Else

    TKIF        shift, and go to state 43
    TKVAR       shift, and go to state 16
    Identifier  shift, and go to state 17

    $default  reduce using rule 26 (Statementdash)

    VariableDecla  go to state 19
    Statementdash  go to state 44
    If             go to state 45


State 42

   23 CompoundBloc: TLBRACE TTERM StatementList . TRBRACE TTERM

    TRBRACE  shift, and go to state 46


State 43

   27 If: TKIF . TLPAREN TRPAREN CompoundBloc Else

    TLPAREN  shift, and go to state 47


State 44

   24 StatementList: Declaration Statementdash .

    $default  reduce using rule 24 (StatementList)


State 45

   25 Statementdash: . If Statementdash
   25              | If . Statementdash
   26              | . %empty  [TRBRACE]
   27 If: . TKIF TLPAREN TRPAREN CompoundBloc Else

    TKIF  shift, and go to state 43

    $default  reduce using rule 26 (Statementdash)

    Statementdash  go to state 48
    If             go to state 45


State 46

   23 CompoundBloc: TLBRACE TTERM StatementList TRBRACE . TTERM

    TTERM  shift, and go to state 49


State 47

   27 If: TKIF TLPAREN . TRPAREN CompoundBloc Else

    TRPAREN  shift, and go to state 50


State 48

   25 Statementdash: If Statementdash .

    $default  reduce using rule 25 (Statementdash)


State 49

   23 CompoundBloc: TLBRACE TTERM StatementList TRBRACE TTERM .

    $default  reduce using rule 23 (CompoundBloc)


State 50

   23 CompoundBloc: . TLBRACE TTERM StatementList TRBRACE TTERM
   27 If: TKIF TLPAREN TRPAREN . CompoundBloc Else

    TLBRACE  shift, and go to state 37

    CompoundBloc  go to state 51


State 51

   27 If: TKIF TLPAREN TRPAREN CompoundBloc . Else
   28 Else: . TKELSE TKIF TLPAREN TRPAREN CompoundBloc Else
   29     | . TKELSE CompoundBloc
   30     | . %empty  [TRBRACE, TKIF]

    TKELSE  shift, and go to state 52

    $default  reduce using rule 30 (Else)

    Else  go to state 53


State 52

   23 CompoundBloc: . TLBRACE TTERM StatementList TRBRACE TTERM
   28 Else: TKELSE . TKIF TLPAREN TRPAREN CompoundBloc Else
   29     | TKELSE . CompoundBloc

    TLBRACE  shift, and go to state 37
    TKIF     shift, and go to state 54

    CompoundBloc  go to state 55


State 53

   27 If: TKIF TLPAREN TRPAREN CompoundBloc Else .

    $default  reduce using rule 27 (If)


State 54

   28 Else: TKELSE TKIF . TLPAREN TRPAREN CompoundBloc Else

    TLPAREN  shift, and go to state 56


State 55

   29 Else: TKELSE CompoundBloc .

    $default  reduce using rule 29 (Else)


State 56

   28 Else: TKELSE TKIF TLPAREN . TRPAREN CompoundBloc Else

    TRPAREN  shift, and go to state 57


State 57

   23 CompoundBloc: . TLBRACE TTERM StatementList TRBRACE TTERM
   28 Else: TKELSE TKIF TLPAREN TRPAREN . CompoundBloc Else

    TLBRACE  shift, and go to state 37

    CompoundBloc  go to state 58


State 58

   28 Else: . TKELSE TKIF TLPAREN TRPAREN CompoundBloc Else
   28     | TKELSE TKIF TLPAREN TRPAREN CompoundBloc . Else
   29     | . TKELSE CompoundBloc
   30     | . %empty  [TRBRACE, TKIF]

    TKELSE  shift, and go to state 52

    $default  reduce using rule 30 (Else)

    Else  go to state 59


State 59

   28 Else: TKELSE TKIF TLPAREN TRPAREN CompoundBloc Else .

    $default  reduce using rule 28 (Else)
